<?xml version="1.0" encoding="UTF-8"?>
<!-- Generated by org.testng.reporters.JUnitReportReporter -->
<testsuite skipped="0" hostname="DESKTOP-CKK8A56" name="pagemodelTests.HomePageDemo" tests="2" failures="0" timestamp="9 Jan 2022 07:14:41 GMT" time="16.574" errors="0">
  <testcase name="testCaseforHomePage" time="10.497" classname="pagemodelTests.HomePageDemo"/>
  <testcase name="testCaseforSignInPage" time="6.077" classname="pagemodelTests.HomePageDemo"/>
</testsuite> <!-- pagemodelTests.HomePageDemo -->
