<?xml version="1.0" encoding="UTF-8"?>
<!-- Generated by org.testng.reporters.JUnitReportReporter -->
<testsuite name="runner.TestRunner" tests="7" time="0.297" ignored="0" failures="0" timestamp="02 Jan 2022 17:33:04 GMT" skipped="0" hostname="DESKTOP-CKK8A56" errors="0">
  <testcase name="runScenario" time="0.012" classname="runner.TestRunner"/>
  <testcase name="runScenario" time="0.015" classname="runner.TestRunner"/>
  <testcase name="runScenario" time="0.013" classname="runner.TestRunner"/>
  <testcase name="runScenario" time="0.189" classname="runner.TestRunner"/>
  <testcase name="runScenario" time="0.017" classname="runner.TestRunner"/>
  <testcase name="runScenario" time="0.031" classname="runner.TestRunner"/>
  <testcase name="runScenario" time="0.020" classname="runner.TestRunner"/>
</testsuite> <!-- runner.TestRunner -->
