<?xml version="1.0" encoding="UTF-8"?>
<!-- Generated by org.testng.reporters.JUnitReportReporter -->
<testsuite skipped="0" hostname="DESKTOP-CKK8A56" name="runner.TestRunner" tests="8" failures="0" timestamp="9 Jan 2022 06:49:02 GMT" time="0.363" errors="0">
  <testcase name="runScenario" time="0.019" classname="runner.TestRunner"/>
  <testcase name="runScenario" time="0.020" classname="runner.TestRunner"/>
  <testcase name="runScenario" time="0.016" classname="runner.TestRunner"/>
  <testcase name="runScenario" time="0.014" classname="runner.TestRunner"/>
  <testcase name="runScenario" time="0.014" classname="runner.TestRunner"/>
  <testcase name="runScenario" time="0.028" classname="runner.TestRunner"/>
  <testcase name="runScenario" time="0.225" classname="runner.TestRunner"/>
  <testcase name="runScenario" time="0.027" classname="runner.TestRunner"/>
</testsuite> <!-- runner.TestRunner -->
